<?xml version="1.0" encoding="UTF-8"?>
<testsuite xmlns:xsi="http://www.w3.org/2001/XMLSchema-instance" xsi:noNamespaceSchemaLocation="https://maven.apache.org/surefire/maven-surefire-plugin/xsd/surefire-test-report-3.0.xsd" version="3.0" name="app.MainTest" time="0.123" tests="4" errors="0" skipped="0" failures="0">
  <properties>
[...]
</properties>
  <testcase name="logicDivisionTest" classname="app.MainTest" time="0.033"/>
  <testcase name="logicMultiplicationTest" classname="app.MainTest" time="0.0"/>
  <testcase name="logicAdditionTest" classname="app.MainTest" time="0.0"/>
  <testcase name="logicSubtractionTest" classname="app.MainTest" time="0.0"/>
</testsuite>